c:\home\github\gnss-metadata-standard\api\ide\visual_studio\gnssmetadata\release\vc120.pdb
c:\home\github\gnss-metadata-standard\api\ide\visual_studio\gnssmetadata\release\system.obj
c:\home\github\gnss-metadata-standard\api\ide\visual_studio\gnssmetadata\release\stream.obj
c:\home\github\gnss-metadata-standard\api\ide\visual_studio\gnssmetadata\release\source.obj
c:\home\github\gnss-metadata-standard\api\ide\visual_studio\gnssmetadata\release\session.obj
c:\home\github\gnss-metadata-standard\api\ide\visual_studio\gnssmetadata\release\position.obj
c:\home\github\gnss-metadata-standard\api\ide\visual_studio\gnssmetadata\release\metadata.obj
c:\home\github\gnss-metadata-standard\api\ide\visual_studio\gnssmetadata\release\lump.obj
c:\home\github\gnss-metadata-standard\api\ide\visual_studio\gnssmetadata\release\lane.obj
c:\home\github\gnss-metadata-standard\api\ide\visual_studio\gnssmetadata\release\frequency.obj
c:\home\github\gnss-metadata-standard\api\ide\visual_studio\gnssmetadata\release\file.obj
c:\home\github\gnss-metadata-standard\api\ide\visual_studio\gnssmetadata\release\duration.obj
c:\home\github\gnss-metadata-standard\api\ide\visual_studio\gnssmetadata\release\date.obj
c:\home\github\gnss-metadata-standard\api\ide\visual_studio\gnssmetadata\release\comment.obj
c:\home\github\gnss-metadata-standard\api\ide\visual_studio\gnssmetadata\release\cluster.obj
c:\home\github\gnss-metadata-standard\api\ide\visual_studio\gnssmetadata\release\chunk.obj
c:\home\github\gnss-metadata-standard\api\ide\visual_studio\gnssmetadata\release\block.obj
c:\home\github\gnss-metadata-standard\api\ide\visual_studio\gnssmetadata\release\basetypes.obj
c:\home\github\gnss-metadata-standard\api\ide\visual_studio\gnssmetadata\release\band.obj
c:\home\github\gnss-metadata-standard\api\ide\visual_studio\gnssmetadata\release\attributedobject.obj
c:\home\github\gnss-metadata-standard\api\ide\visual_studio\gnssmetadata\release\anyuri.obj
c:\home\github\gnss-metadata-standard\api\ide\visual_studio\gnssmetadata\release\translator.obj
c:\home\github\gnss-metadata-standard\api\ide\visual_studio\gnssmetadata\release\systemtranslator.obj
c:\home\github\gnss-metadata-standard\api\ide\visual_studio\gnssmetadata\release\streamtranslator.obj
c:\home\github\gnss-metadata-standard\api\ide\visual_studio\gnssmetadata\release\sourcetranslator.obj
c:\home\github\gnss-metadata-standard\api\ide\visual_studio\gnssmetadata\release\sessiontranslator.obj
c:\home\github\gnss-metadata-standard\api\ide\visual_studio\gnssmetadata\release\rfconfigtranslator.obj
c:\home\github\gnss-metadata-standard\api\ide\visual_studio\gnssmetadata\release\positiontranslator.obj
c:\home\github\gnss-metadata-standard\api\ide\visual_studio\gnssmetadata\release\oscillatortranslator.obj
c:\home\github\gnss-metadata-standard\api\ide\visual_studio\gnssmetadata\release\metadatatranslator.obj
c:\home\github\gnss-metadata-standard\api\ide\visual_studio\gnssmetadata\release\lumptranslator.obj
c:\home\github\gnss-metadata-standard\api\ide\visual_studio\gnssmetadata\release\lanetranslator.obj
c:\home\github\gnss-metadata-standard\api\ide\visual_studio\gnssmetadata\release\frequencytranslator.obj
c:\home\github\gnss-metadata-standard\api\ide\visual_studio\gnssmetadata\release\filetranslator.obj
c:\home\github\gnss-metadata-standard\api\ide\visual_studio\gnssmetadata\release\filesettranslator.obj
c:\home\github\gnss-metadata-standard\api\ide\visual_studio\gnssmetadata\release\durationtranslator.obj
c:\home\github\gnss-metadata-standard\api\ide\visual_studio\gnssmetadata\release\clustertranslator.obj
c:\home\github\gnss-metadata-standard\api\ide\visual_studio\gnssmetadata\release\chunktranslator.obj
c:\home\github\gnss-metadata-standard\api\ide\visual_studio\gnssmetadata\release\blocktranslator.obj
c:\home\github\gnss-metadata-standard\api\ide\visual_studio\gnssmetadata\release\bandtranslator.obj
c:\home\github\gnss-metadata-standard\api\ide\visual_studio\gnssmetadata\release\anyuritranslator.obj
c:\home\github\gnss-metadata-standard\api\ide\visual_studio\gnssmetadata\release\xmlprocessor.obj
c:\home\github\gnss-metadata-standard\converter\ide\visual_studio\release\gnssmetadata.lib
c:\home\github\gnss-metadata-standard\api\ide\visual_studio\gnssmetadata\release\gnssmetadata.tlog\cl.command.1.tlog
c:\home\github\gnss-metadata-standard\api\ide\visual_studio\gnssmetadata\release\gnssmetadata.tlog\cl.read.1.tlog
c:\home\github\gnss-metadata-standard\api\ide\visual_studio\gnssmetadata\release\gnssmetadata.tlog\cl.write.1.tlog
c:\home\github\gnss-metadata-standard\api\ide\visual_studio\gnssmetadata\release\gnssmetadata.tlog\lib-link.read.1.tlog
c:\home\github\gnss-metadata-standard\api\ide\visual_studio\gnssmetadata\release\gnssmetadata.tlog\lib-link.write.1.tlog
c:\home\github\gnss-metadata-standard\api\ide\visual_studio\gnssmetadata\release\gnssmetadata.tlog\lib.command.1.tlog
