c:\home\github\gnss-metadata-standard\api\ide\visual_studio\gnssmetadata\debug\vc120.pdb
c:\home\github\gnss-metadata-standard\api\ide\visual_studio\gnssmetadata\debug\vc120.idb
c:\home\github\gnss-metadata-standard\api\ide\visual_studio\gnssmetadata\debug\bandtranslator.obj
c:\home\github\gnss-metadata-standard\api\ide\visual_studio\gnssmetadata\debug\blocktranslator.obj
c:\home\github\gnss-metadata-standard\api\ide\visual_studio\gnssmetadata\debug\chunktranslator.obj
c:\home\github\gnss-metadata-standard\api\ide\visual_studio\gnssmetadata\debug\clustertranslator.obj
c:\home\github\gnss-metadata-standard\api\ide\visual_studio\gnssmetadata\debug\durationtranslator.obj
c:\home\github\gnss-metadata-standard\api\ide\visual_studio\gnssmetadata\debug\filesettranslator.obj
c:\home\github\gnss-metadata-standard\api\ide\visual_studio\gnssmetadata\debug\filetranslator.obj
c:\home\github\gnss-metadata-standard\api\ide\visual_studio\gnssmetadata\debug\frequencytranslator.obj
c:\home\github\gnss-metadata-standard\api\ide\visual_studio\gnssmetadata\debug\lanetranslator.obj
c:\home\github\gnss-metadata-standard\api\ide\visual_studio\gnssmetadata\debug\lumptranslator.obj
c:\home\github\gnss-metadata-standard\api\ide\visual_studio\gnssmetadata\debug\metadatatranslator.obj
c:\home\github\gnss-metadata-standard\api\ide\visual_studio\gnssmetadata\debug\oscillatortranslator.obj
c:\home\github\gnss-metadata-standard\api\ide\visual_studio\gnssmetadata\debug\positiontranslator.obj
c:\home\github\gnss-metadata-standard\api\ide\visual_studio\gnssmetadata\debug\rfconfigtranslator.obj
c:\home\github\gnss-metadata-standard\api\ide\visual_studio\gnssmetadata\debug\sessiontranslator.obj
c:\home\github\gnss-metadata-standard\api\ide\visual_studio\gnssmetadata\debug\sourcetranslator.obj
c:\home\github\gnss-metadata-standard\api\ide\visual_studio\gnssmetadata\debug\streamtranslator.obj
c:\home\github\gnss-metadata-standard\api\ide\visual_studio\gnssmetadata\debug\systemtranslator.obj
c:\home\github\gnss-metadata-standard\api\ide\visual_studio\gnssmetadata\debug\translator.obj
c:\home\github\gnss-metadata-standard\api\ide\visual_studio\gnssmetadata\debug\xmlprocessor.obj
c:\home\github\gnss-metadata-standard\api\ide\visual_studio\gnssmetadata\debug\attributedobject.obj
c:\home\github\gnss-metadata-standard\api\ide\visual_studio\gnssmetadata\debug\band.obj
c:\home\github\gnss-metadata-standard\api\ide\visual_studio\gnssmetadata\debug\basetypes.obj
c:\home\github\gnss-metadata-standard\api\ide\visual_studio\gnssmetadata\debug\block.obj
c:\home\github\gnss-metadata-standard\api\ide\visual_studio\gnssmetadata\debug\chunk.obj
c:\home\github\gnss-metadata-standard\api\ide\visual_studio\gnssmetadata\debug\cluster.obj
c:\home\github\gnss-metadata-standard\api\ide\visual_studio\gnssmetadata\debug\comment.obj
c:\home\github\gnss-metadata-standard\api\ide\visual_studio\gnssmetadata\debug\date.obj
c:\home\github\gnss-metadata-standard\api\ide\visual_studio\gnssmetadata\debug\duration.obj
c:\home\github\gnss-metadata-standard\api\ide\visual_studio\gnssmetadata\debug\file.obj
c:\home\github\gnss-metadata-standard\api\ide\visual_studio\gnssmetadata\debug\frequency.obj
c:\home\github\gnss-metadata-standard\api\ide\visual_studio\gnssmetadata\debug\lane.obj
c:\home\github\gnss-metadata-standard\api\ide\visual_studio\gnssmetadata\debug\lump.obj
c:\home\github\gnss-metadata-standard\api\ide\visual_studio\gnssmetadata\debug\metadata.obj
c:\home\github\gnss-metadata-standard\api\ide\visual_studio\gnssmetadata\debug\position.obj
c:\home\github\gnss-metadata-standard\api\ide\visual_studio\gnssmetadata\debug\session.obj
c:\home\github\gnss-metadata-standard\api\ide\visual_studio\gnssmetadata\debug\source.obj
c:\home\github\gnss-metadata-standard\api\ide\visual_studio\gnssmetadata\debug\stream.obj
c:\home\github\gnss-metadata-standard\api\ide\visual_studio\gnssmetadata\debug\system.obj
c:\home\github\gnss-metadata-standard\api\ide\visual_studio\gnssmetadata\debug\anyuritranslator.obj
c:\home\github\gnss-metadata-standard\api\ide\visual_studio\gnssmetadata\debug\anyuri.obj
c:\home\github\gnss-metadata-standard\converter\ide\visual_studio\debug\gnssmetadata.lib
c:\home\github\gnss-metadata-standard\api\ide\visual_studio\gnssmetadata\debug\gnssmetadata.tlog\cl.command.1.tlog
c:\home\github\gnss-metadata-standard\api\ide\visual_studio\gnssmetadata\debug\gnssmetadata.tlog\cl.read.1.tlog
c:\home\github\gnss-metadata-standard\api\ide\visual_studio\gnssmetadata\debug\gnssmetadata.tlog\cl.write.1.tlog
c:\home\github\gnss-metadata-standard\api\ide\visual_studio\gnssmetadata\debug\gnssmetadata.tlog\lib-link.read.1.tlog
c:\home\github\gnss-metadata-standard\api\ide\visual_studio\gnssmetadata\debug\gnssmetadata.tlog\lib-link.write.1.tlog
c:\home\github\gnss-metadata-standard\api\ide\visual_studio\gnssmetadata\debug\gnssmetadata.tlog\lib.command.1.tlog
