c:\home\dropbox\sdr_metadata\workingversion\decoder\ide\visual_studio\decoder\release\vc120.pdb
c:\home\dropbox\sdr_metadata\workingversion\decoder\ide\visual_studio\decoder\release\xmltometa.obj
c:\home\dropbox\sdr_metadata\workingversion\decoder\ide\visual_studio\decoder\release\streamanalytics.obj
c:\home\dropbox\sdr_metadata\workingversion\decoder\ide\visual_studio\decoder\release\ibuffer.obj
c:\home\dropbox\sdr_metadata\workingversion\decoder\ide\visual_studio\decoder\release\filereader.obj
c:\home\dropbox\sdr_metadata\workingversion\decoder\ide\visual_studio\decoder\release\decstream.obj
c:\home\dropbox\sdr_metadata\workingversion\decoder\ide\visual_studio\decoder\release\decoder.obj
c:\home\dropbox\sdr_metadata\workingversion\decoder\ide\visual_studio\decoder\release\chunkbuffer.obj
c:\home\dropbox\sdr_metadata\workingversion\decoder\ide\visual_studio\release\decoder.lib
c:\home\github\gnss-metadata-standard\decoder\ide\visual_studio\decoder\release\chunkbuffer.obj
c:\home\github\gnss-metadata-standard\decoder\ide\visual_studio\decoder\release\decoder.obj
c:\home\github\gnss-metadata-standard\decoder\ide\visual_studio\decoder\release\decstream.obj
c:\home\github\gnss-metadata-standard\decoder\ide\visual_studio\decoder\release\filereader.obj
c:\home\github\gnss-metadata-standard\decoder\ide\visual_studio\decoder\release\ibuffer.obj
c:\home\github\gnss-metadata-standard\decoder\ide\visual_studio\decoder\release\streamanalytics.obj
c:\home\github\gnss-metadata-standard\decoder\ide\visual_studio\decoder\release\xmltometa.obj
c:\home\github\gnss-metadata-standard\decoder\ide\visual_studio\decoder\release\vc120.pdb
c:\home\github\gnss-metadata-standard\decoder\ide\visual_studio\release\decoder.lib
c:\home\github\gnss-metadata-standard\decoder\ide\visual_studio\decoder\release\decoder.tlog\cl.command.1.tlog
c:\home\github\gnss-metadata-standard\decoder\ide\visual_studio\decoder\release\decoder.tlog\cl.read.1.tlog
c:\home\github\gnss-metadata-standard\decoder\ide\visual_studio\decoder\release\decoder.tlog\cl.write.1.tlog
c:\home\github\gnss-metadata-standard\decoder\ide\visual_studio\decoder\release\decoder.tlog\lib-link.read.1.tlog
c:\home\github\gnss-metadata-standard\decoder\ide\visual_studio\decoder\release\decoder.tlog\lib-link.write.1.tlog
c:\home\github\gnss-metadata-standard\decoder\ide\visual_studio\decoder\release\decoder.tlog\lib.command.1.tlog
